<?xml version="1.0" encoding="UTF-8"?>
<testng-results skipped="0" failed="0" ignored="0" total="1" passed="1">
  <reporter-output>
  </reporter-output>
  <suite name="Default suite" duration-ms="706" started-at="2018-09-02T09:50:57Z" finished-at="2018-09-02T09:50:57Z">
    <groups>
    </groups>
    <test name="Default test" duration-ms="706" started-at="2018-09-02T09:50:57Z" finished-at="2018-09-02T09:50:57Z">
      <class name="leafGround.IFrames">
        <test-method status="PASS" signature="Alerts()[pri:0, instance:leafGround.IFrames@573f2bb1]" name="Alerts" is-config="true" duration-ms="7372" started-at="2018-09-02T15:20:49Z" finished-at="2018-09-02T15:20:57Z">
          <reporter-output>
          </reporter-output>
        </test-method> <!-- Alerts -->
        <test-method status="PASS" signature="HandleFrames()[pri:0, instance:leafGround.IFrames@573f2bb1]" name="HandleFrames" duration-ms="678" started-at="2018-09-02T15:20:57Z" finished-at="2018-09-02T15:20:57Z">
          <reporter-output>
          </reporter-output>
        </test-method> <!-- HandleFrames -->
      </class> <!-- leafGround.IFrames -->
    </test> <!-- Default test -->
  </suite> <!-- Default suite -->
</testng-results>
