<?xml version="1.0" encoding="UTF-8"?>
<!-- Generated by org.testng.reporters.JUnitXMLReporter -->
<testsuite hostname="Karthick-PC" ignored="6" name="Listboxoptions" tests="1" failures="0" timestamp="20 Aug 2018 09:04:08 GMT" time="1.064" errors="0">
  <testcase name="OpenListBoxPage" time="0.787" classname="leafGround.ListBoxes"/>
  <testcase name="dropdown3" time="0.0" classname="leafGround.ListBoxes">
    <ignored/>
  </testcase> <!-- dropdown3 -->
  <testcase name="dropdown4" time="0.0" classname="leafGround.ListBoxes">
    <ignored/>
  </testcase> <!-- dropdown4 -->
  <testcase name="dropdown1" time="0.0" classname="leafGround.ListBoxes">
    <ignored/>
  </testcase> <!-- dropdown1 -->
  <testcase name="dropdown2" time="0.0" classname="leafGround.ListBoxes">
    <ignored/>
  </testcase> <!-- dropdown2 -->
  <testcase name="dropdown5" time="0.0" classname="leafGround.ListBoxes">
    <ignored/>
  </testcase> <!-- dropdown5 -->
  <testcase name="dropdown6" time="0.0" classname="leafGround.ListBoxes">
    <ignored/>
  </testcase> <!-- dropdown6 -->
</testsuite> <!-- Listboxoptions -->
